<?xml version="1.0" encoding="UTF-8"?>
<testsuite name="io.mosip.kernel.transliteration.translit.test.TranslitUtilImplTest" time="0.306" tests="3" errors="0" skipped="0" failures="0">
  <properties>
[...]
</properties>
  <testcase name="transliterateInvalidInputLanguageCodeExceptionTest" classname="io.mosip.kernel.transliteration.translit.test.TranslitUtilImplTest" time="0.112"/>
  <testcase name="transliterateInvalidOutputLanguageCodeExceptionTest" classname="io.mosip.kernel.transliteration.translit.test.TranslitUtilImplTest" time="0.003"/>
  <testcase name="transliterateTest" classname="io.mosip.kernel.transliteration.translit.test.TranslitUtilImplTest" time="0.191"/>
</testsuite>